<?xml version="1.0" encoding="UTF-8"?>
<!-- Generated by org.testng.reporters.JUnitReportReporter -->
<testsuite hostname="Georgis-iMac.local" name="ChaiInkspaceWebScreenshots.Inkspace" tests="1" failures="0" timestamp="16 Jun 2016 16:52:37 GMT" time="1305.539" errors="0">
  <testcase name="FullTest" time="1305.539" classname="ChaiInkspaceWebScreenshots.Inkspace"/>
</testsuite> <!-- ChaiInkspaceWebScreenshots.Inkspace -->
