<?xml version="1.0" encoding="UTF-8"?>
<!-- Generated by org.testng.reporters.JUnitReportReporter -->
<testsuite hostname="Georgis-iMac.local" name="ChaiSeleniumWebDriverTest.FTEScreenshots" tests="1" failures="0" timestamp="16 Jun 2016 14:04:29 GMT" time="349.880" errors="0">
  <testcase name="FTEScrenshots" time="349.880" classname="ChaiSeleniumWebDriverTest.FTEScreenshots"/>
</testsuite> <!-- ChaiSeleniumWebDriverTest.FTEScreenshots -->
