<?xml version="1.0" encoding="UTF-8"?>
<!-- Generated by org.testng.reporters.JUnitReportReporter -->
<testsuite hostname="Georgis-iMac.local" name="ChaiAndInkspaceTests.ChaiScreenshotsTests" tests="1" failures="0" timestamp="28 Jun 2016 09:40:28 GMT" time="166.319" errors="0">
  <testcase name="CopyCutDeletePasteOptions" time="166.319" classname="ChaiAndInkspaceTests.ChaiScreenshotsTests"/>
</testsuite> <!-- ChaiAndInkspaceTests.ChaiScreenshotsTests -->
