<?xml version="1.0" encoding="UTF-8"?>
<!-- Generated by org.testng.reporters.JUnitReportReporter -->
<testsuite hostname="Georgis-iMac.local" name="ChaiAndInkspaceTests.ChaiDesktopScreenshotsTests" tests="1" failures="0" timestamp="27 Jun 2016 08:43:13 GMT" time="258.350" errors="0">
  <testcase name="WaitingForOrganizer" time="258.350" classname="ChaiAndInkspaceTests.ChaiDesktopScreenshotsTests"/>
</testsuite> <!-- ChaiAndInkspaceTests.ChaiDesktopScreenshotsTests -->
