<?xml version="1.0" encoding="UTF-8"?>
<!-- Generated by org.testng.reporters.JUnitReportReporter -->
<testsuite hostname="Georgis-iMac.local" name="ChaiAppiumMobileScreenshots.ChaiIPhoneScreenshots" tests="1" failures="0" timestamp="16 Jun 2016 14:57:45 GMT" time="1162.436" errors="0">
  <testcase name="CHaiFTE" time="1162.436" classname="ChaiAppiumMobileScreenshots.ChaiIPhoneScreenshots"/>
</testsuite> <!-- ChaiAppiumMobileScreenshots.ChaiIPhoneScreenshots -->
