<?xml version="1.0" encoding="UTF-8"?>
<!-- Generated by org.testng.reporters.JUnitReportReporter -->
<testsuite hostname="Georgis-iMac.local" name="ChaiSeleniumWebDriverTest.NewTest" tests="1" failures="0" timestamp="15 Jun 2016 09:26:39 GMT" time="138.230" errors="0">
  <testcase name="FullTest" time="138.230" classname="ChaiSeleniumWebDriverTest.NewTest"/>
</testsuite> <!-- ChaiSeleniumWebDriverTest.NewTest -->
